This file contains any messages produced by compilers while
running configure, to aid debugging if configure makes a mistake.

It was created by PCRE2 configure 10.37, which was
generated by GNU Autoconf 2.69.  Invocation command line was

  $ ../../../3rdparty/pcre/configure --prefix=/usr/local --disable-option-checking --enable-unicode --disable-debug --enable-shared --disable-monolithic --disable-pcre2-8 --enable-pcre2-32 --srcdir=../../../3rdparty/pcre --cache-file=/dev/null

## --------- ##
## Platform. ##
## --------- ##

hostname = Jays-MacBook-Pro.local
uname -m = x86_64
uname -r = 21.2.0
uname -s = Darwin
uname -v = Darwin Kernel Version 21.2.0: Sun Nov 28 20:28:54 PST 2021; root:xnu-8019.61.5~1/RELEASE_X86_64

/usr/bin/uname -p = i386
/bin/uname -X     = unknown

/bin/arch              = unknown
/usr/bin/arch -k       = unknown
/usr/convex/getsysinfo = unknown
/usr/bin/hostinfo      = Mach kernel version:
	 Darwin Kernel Version 21.2.0: Sun Nov 28 20:28:54 PST 2021; root:xnu-8019.61.5~1/RELEASE_X86_64
Kernel configured for up to 8 processors.
4 processors are physically available.
8 processors are logically available.
Processor type: x86_64h (Intel x86-64h Haswell)
Processors active: 0 1 2 3 4 5 6 7
Primary memory available: 16.00 gigabytes
Default processor set: 460 tasks, 1516 threads, 8 processors
Load average: 2.45, Mach factor: 5.54
/bin/machine           = unknown
/usr/bin/oslevel       = unknown
/bin/universe          = unknown

PATH: /usr/local/bin
PATH: /usr/bin
PATH: /bin
PATH: /usr/sbin
PATH: /sbin
PATH: /Library/Apple/usr/bin


## ----------- ##
## Core tests. ##
## ----------- ##

configure:2569: checking for a BSD-compatible install
configure:2637: result: /usr/bin/install -c
configure:2648: checking whether build environment is sane
configure:2703: result: yes
configure:2854: checking for a thread-safe mkdir -p
configure:2893: result: ../../../3rdparty/pcre/install-sh -c -d
configure:2900: checking for gawk
configure:2930: result: no
configure:2900: checking for mawk
configure:2930: result: no
configure:2900: checking for nawk
configure:2930: result: no
configure:2900: checking for awk
configure:2916: found /usr/bin/awk
configure:2927: result: awk
configure:2938: checking whether make sets $(MAKE)
configure:2960: result: yes
configure:2989: checking whether make supports nested variables
configure:3006: result: yes
configure:3143: checking whether make supports nested variables
configure:3160: result: yes
configure:3235: checking for gcc
configure:3262: result: gcc -mmacosx-version-min=10.10
configure:3491: checking for C compiler version
configure:3500: gcc -mmacosx-version-min=10.10 --version >&5
Apple clang version 13.0.0 (clang-1300.0.29.30)
Target: x86_64-apple-darwin21.2.0
Thread model: posix
InstalledDir: /Applications/Xcode.app/Contents/Developer/Toolchains/XcodeDefault.xctoolchain/usr/bin
configure:3511: $? = 0
configure:3500: gcc -mmacosx-version-min=10.10 -v >&5
Apple clang version 13.0.0 (clang-1300.0.29.30)
Target: x86_64-apple-darwin21.2.0
Thread model: posix
InstalledDir: /Applications/Xcode.app/Contents/Developer/Toolchains/XcodeDefault.xctoolchain/usr/bin
clang: warning: argument unused during compilation: '-mmacosx-version-min=10.10' [-Wunused-command-line-argument]
configure:3511: $? = 0
configure:3500: gcc -mmacosx-version-min=10.10 -V >&5
clang: error: argument to '-V' is missing (expected 1 value)
clang: error: no input files
configure:3511: $? = 1
configure:3500: gcc -mmacosx-version-min=10.10 -qversion >&5
clang: error: unknown argument '-qversion'; did you mean '--version'?
clang: error: no input files
configure:3511: $? = 1
configure:3531: checking whether the C compiler works
configure:3553: gcc -mmacosx-version-min=10.10    conftest.c  >&5
configure:3557: $? = 0
configure:3605: result: yes
configure:3608: checking for C compiler default output file name
configure:3610: result: a.out
configure:3616: checking for suffix of executables
configure:3623: gcc -mmacosx-version-min=10.10 -o conftest    conftest.c  >&5
configure:3627: $? = 0
configure:3649: result: 
configure:3671: checking whether we are cross compiling
configure:3679: gcc -mmacosx-version-min=10.10 -o conftest    conftest.c  >&5
configure:3683: $? = 0
configure:3690: ./conftest
configure:3694: $? = 0
configure:3709: result: no
configure:3714: checking for suffix of object files
configure:3736: gcc -mmacosx-version-min=10.10 -c   conftest.c >&5
configure:3740: $? = 0
configure:3761: result: o
configure:3765: checking whether we are using the GNU C compiler
configure:3784: gcc -mmacosx-version-min=10.10 -c   conftest.c >&5
configure:3784: $? = 0
configure:3793: result: yes
configure:3802: checking whether gcc -mmacosx-version-min=10.10 accepts -g
configure:3822: gcc -mmacosx-version-min=10.10 -c -g  conftest.c >&5
configure:3822: $? = 0
configure:3863: result: yes
configure:3880: checking for gcc -mmacosx-version-min=10.10 option to accept ISO C89
configure:3943: gcc -mmacosx-version-min=10.10  -c   conftest.c >&5
configure:3943: $? = 0
configure:3956: result: none needed
configure:3981: checking whether gcc -mmacosx-version-min=10.10 understands -c and -o together
configure:4003: gcc -mmacosx-version-min=10.10 -c conftest.c -o conftest2.o
configure:4006: $? = 0
configure:4003: gcc -mmacosx-version-min=10.10 -c conftest.c -o conftest2.o
configure:4006: $? = 0
configure:4018: result: yes
configure:4038: checking whether make supports the include directive
configure:4053: make -f confmf.GNU && cat confinc.out
this is the am__doit target
configure:4056: $? = 0
configure:4075: result: yes (GNU style)
configure:4100: checking dependency style of gcc -mmacosx-version-min=10.10
configure:4211: result: gcc3
configure:4233: checking how to run the C preprocessor
configure:4303: result: gcc -E -mmacosx-version-min=10.10
configure:4323: gcc -E -mmacosx-version-min=10.10  conftest.c
configure:4323: $? = 0
configure:4337: gcc -E -mmacosx-version-min=10.10  conftest.c
conftest.c:11:10: fatal error: 'ac_nonexistent.h' file not found
#include <ac_nonexistent.h>
         ^~~~~~~~~~~~~~~~~~
1 error generated.
configure:4337: $? = 1
configure: failed program was:
| /* confdefs.h */
| #define PACKAGE_NAME "PCRE2"
| #define PACKAGE_TARNAME "pcre2"
| #define PACKAGE_VERSION "10.37"
| #define PACKAGE_STRING "PCRE2 10.37"
| #define PACKAGE_BUGREPORT ""
| #define PACKAGE_URL ""
| #define PACKAGE "pcre2"
| #define VERSION "10.37"
| /* end confdefs.h.  */
| #include <ac_nonexistent.h>
configure:4366: checking for grep that handles long lines and -e
configure:4424: result: /usr/bin/grep
configure:4429: checking for egrep
configure:4491: result: /usr/bin/grep -E
configure:4496: checking for ANSI C header files
configure:4516: gcc -mmacosx-version-min=10.10 -c   conftest.c >&5
configure:4516: $? = 0
configure:4589: gcc -mmacosx-version-min=10.10 -o conftest    conftest.c  >&5
configure:4589: $? = 0
configure:4589: ./conftest
configure:4589: $? = 0
configure:4600: result: yes
configure:4613: checking for sys/types.h
configure:4613: gcc -mmacosx-version-min=10.10 -c   conftest.c >&5
configure:4613: $? = 0
configure:4613: result: yes
configure:4613: checking for sys/stat.h
configure:4613: gcc -mmacosx-version-min=10.10 -c   conftest.c >&5
configure:4613: $? = 0
configure:4613: result: yes
configure:4613: checking for stdlib.h
configure:4613: gcc -mmacosx-version-min=10.10 -c   conftest.c >&5
configure:4613: $? = 0
configure:4613: result: yes
configure:4613: checking for string.h
configure:4613: gcc -mmacosx-version-min=10.10 -c   conftest.c >&5
configure:4613: $? = 0
configure:4613: result: yes
configure:4613: checking for memory.h
configure:4613: gcc -mmacosx-version-min=10.10 -c   conftest.c >&5
configure:4613: $? = 0
configure:4613: result: yes
configure:4613: checking for strings.h
configure:4613: gcc -mmacosx-version-min=10.10 -c   conftest.c >&5
configure:4613: $? = 0
configure:4613: result: yes
configure:4613: checking for inttypes.h
configure:4613: gcc -mmacosx-version-min=10.10 -c   conftest.c >&5
configure:4613: $? = 0
configure:4613: result: yes
configure:4613: checking for stdint.h
configure:4613: gcc -mmacosx-version-min=10.10 -c   conftest.c >&5
configure:4613: $? = 0
configure:4613: result: yes
configure:4613: checking for unistd.h
configure:4613: gcc -mmacosx-version-min=10.10 -c   conftest.c >&5
configure:4613: $? = 0
configure:4613: result: yes
configure:4626: checking minix/config.h usability
configure:4626: gcc -mmacosx-version-min=10.10 -c   conftest.c >&5
conftest.c:54:10: fatal error: 'minix/config.h' file not found
#include <minix/config.h>
         ^~~~~~~~~~~~~~~~
1 error generated.
configure:4626: $? = 1
configure: failed program was:
| /* confdefs.h */
| #define PACKAGE_NAME "PCRE2"
| #define PACKAGE_TARNAME "pcre2"
| #define PACKAGE_VERSION "10.37"
| #define PACKAGE_STRING "PCRE2 10.37"
| #define PACKAGE_BUGREPORT ""
| #define PACKAGE_URL ""
| #define PACKAGE "pcre2"
| #define VERSION "10.37"
| #define STDC_HEADERS 1
| #define HAVE_SYS_TYPES_H 1
| #define HAVE_SYS_STAT_H 1
| #define HAVE_STDLIB_H 1
| #define HAVE_STRING_H 1
| #define HAVE_MEMORY_H 1
| #define HAVE_STRINGS_H 1
| #define HAVE_INTTYPES_H 1
| #define HAVE_STDINT_H 1
| #define HAVE_UNISTD_H 1
| /* end confdefs.h.  */
| #include <stdio.h>
| #ifdef HAVE_SYS_TYPES_H
| # include <sys/types.h>
| #endif
| #ifdef HAVE_SYS_STAT_H
| # include <sys/stat.h>
| #endif
| #ifdef STDC_HEADERS
| # include <stdlib.h>
| # include <stddef.h>
| #else
| # ifdef HAVE_STDLIB_H
| #  include <stdlib.h>
| # endif
| #endif
| #ifdef HAVE_STRING_H
| # if !defined STDC_HEADERS && defined HAVE_MEMORY_H
| #  include <memory.h>
| # endif
| # include <string.h>
| #endif
| #ifdef HAVE_STRINGS_H
| # include <strings.h>
| #endif
| #ifdef HAVE_INTTYPES_H
| # include <inttypes.h>
| #endif
| #ifdef HAVE_STDINT_H
| # include <stdint.h>
| #endif
| #ifdef HAVE_UNISTD_H
| # include <unistd.h>
| #endif
| #include <minix/config.h>
configure:4626: result: no
configure:4626: checking minix/config.h presence
configure:4626: gcc -E -mmacosx-version-min=10.10  conftest.c
conftest.c:21:10: fatal error: 'minix/config.h' file not found
#include <minix/config.h>
         ^~~~~~~~~~~~~~~~
1 error generated.
configure:4626: $? = 1
configure: failed program was:
| /* confdefs.h */
| #define PACKAGE_NAME "PCRE2"
| #define PACKAGE_TARNAME "pcre2"
| #define PACKAGE_VERSION "10.37"
| #define PACKAGE_STRING "PCRE2 10.37"
| #define PACKAGE_BUGREPORT ""
| #define PACKAGE_URL ""
| #define PACKAGE "pcre2"
| #define VERSION "10.37"
| #define STDC_HEADERS 1
| #define HAVE_SYS_TYPES_H 1
| #define HAVE_SYS_STAT_H 1
| #define HAVE_STDLIB_H 1
| #define HAVE_STRING_H 1
| #define HAVE_MEMORY_H 1
| #define HAVE_STRINGS_H 1
| #define HAVE_INTTYPES_H 1
| #define HAVE_STDINT_H 1
| #define HAVE_UNISTD_H 1
| /* end confdefs.h.  */
| #include <minix/config.h>
configure:4626: result: no
configure:4626: checking for minix/config.h
configure:4626: result: no
configure:4647: checking whether it is safe to define __EXTENSIONS__
configure:4665: gcc -mmacosx-version-min=10.10 -c   conftest.c >&5
configure:4665: $? = 0
configure:4672: result: yes
configure:4748: checking for ar
configure:4764: found /usr/bin/ar
configure:4775: result: ar
configure:4801: checking the archiver (ar) interface
configure:4817: gcc -mmacosx-version-min=10.10 -c   conftest.c >&5
configure:4817: $? = 0
configure:4819: ar cru libconftest.a conftest.o >&5
configure:4822: $? = 0
configure:4850: result: ar
configure:4872: checking for int64_t
configure:4872: gcc -mmacosx-version-min=10.10 -c   conftest.c >&5
configure:4872: $? = 0
configure:4872: gcc -mmacosx-version-min=10.10 -c   conftest.c >&5
conftest.c:64:53: warning: overflow in expression; result is -9223372036854775808 with type 'long long' [-Winteger-overflow]
                 < (int64_t) (((((int64_t) 1 << N) << N) - 1) * 2 + 2))];
                                                                  ^
conftest.c:63:24: error: 'test_array' declared as an array with a negative size
static int test_array [1 - 2 * !((int64_t) (((((int64_t) 1 << N) << N) - 1) * 2 + 1)
                       ^~~~~~~~~~~~~~~~~~~~~~~~~~~~~~~~~~~~~~~~~~~~~~~~~~~~~~~~~~~~~
1 warning and 1 error generated.
configure:4872: $? = 1
configure: failed program was:
| /* confdefs.h */
| #define PACKAGE_NAME "PCRE2"
| #define PACKAGE_TARNAME "pcre2"
| #define PACKAGE_VERSION "10.37"
| #define PACKAGE_STRING "PCRE2 10.37"
| #define PACKAGE_BUGREPORT ""
| #define PACKAGE_URL ""
| #define PACKAGE "pcre2"
| #define VERSION "10.37"
| #define STDC_HEADERS 1
| #define HAVE_SYS_TYPES_H 1
| #define HAVE_SYS_STAT_H 1
| #define HAVE_STDLIB_H 1
| #define HAVE_STRING_H 1
| #define HAVE_MEMORY_H 1
| #define HAVE_STRINGS_H 1
| #define HAVE_INTTYPES_H 1
| #define HAVE_STDINT_H 1
| #define HAVE_UNISTD_H 1
| #define __EXTENSIONS__ 1
| #define _ALL_SOURCE 1
| #define _GNU_SOURCE 1
| #define _POSIX_PTHREAD_SEMANTICS 1
| #define _TANDEM_SOURCE 1
| /* end confdefs.h.  */
| #include <stdio.h>
| #ifdef HAVE_SYS_TYPES_H
| # include <sys/types.h>
| #endif
| #ifdef HAVE_SYS_STAT_H
| # include <sys/stat.h>
| #endif
| #ifdef STDC_HEADERS
| # include <stdlib.h>
| # include <stddef.h>
| #else
| # ifdef HAVE_STDLIB_H
| #  include <stdlib.h>
| # endif
| #endif
| #ifdef HAVE_STRING_H
| # if !defined STDC_HEADERS && defined HAVE_MEMORY_H
| #  include <memory.h>
| # endif
| # include <string.h>
| #endif
| #ifdef HAVE_STRINGS_H
| # include <strings.h>
| #endif
| #ifdef HAVE_INTTYPES_H
| # include <inttypes.h>
| #endif
| #ifdef HAVE_STDINT_H
| # include <stdint.h>
| #endif
| #ifdef HAVE_UNISTD_H
| # include <unistd.h>
| #endif
| 	        enum { N = 64 / 2 - 1 };
| int
| main ()
| {
| static int test_array [1 - 2 * !((int64_t) (((((int64_t) 1 << N) << N) - 1) * 2 + 1)
| 		 < (int64_t) (((((int64_t) 1 << N) << N) - 1) * 2 + 2))];
| test_array [0] = 0;
| return test_array [0];
| 
|   ;
|   return 0;
| }
configure:4872: result: yes
configure:4914: checking build system type
configure:4928: result: x86_64-apple-darwin21.2.0
configure:4948: checking host system type
configure:4961: result: x86_64-apple-darwin21.2.0
configure:5002: checking how to print strings
configure:5029: result: printf
configure:5050: checking for a sed that does not truncate output
configure:5114: result: /usr/bin/sed
configure:5132: checking for fgrep
configure:5194: result: /usr/bin/grep -F
configure:5229: checking for ld used by gcc -mmacosx-version-min=10.10
configure:5296: result: /Applications/Xcode.app/Contents/Developer/Toolchains/XcodeDefault.xctoolchain/usr/bin/ld
configure:5303: checking if the linker (/Applications/Xcode.app/Contents/Developer/Toolchains/XcodeDefault.xctoolchain/usr/bin/ld) is GNU ld
configure:5318: result: no
configure:5330: checking for BSD- or MS-compatible name lister (nm)
configure:5384: result: /usr/bin/nm -B
configure:5514: checking the name lister (/usr/bin/nm -B) interface
configure:5521: gcc -mmacosx-version-min=10.10 -c   conftest.c >&5
configure:5524: /usr/bin/nm -B "conftest.o"
configure:5527: output
0000000000000000 S _some_variable
configure:5534: result: BSD nm
configure:5537: checking whether ln -s works
configure:5541: result: yes
configure:5549: checking the maximum length of command line arguments
configure:5680: result: 786432
configure:5728: checking how to convert x86_64-apple-darwin21.2.0 file names to x86_64-apple-darwin21.2.0 format
configure:5768: result: func_convert_file_noop
configure:5775: checking how to convert x86_64-apple-darwin21.2.0 file names to toolchain format
configure:5795: result: func_convert_file_noop
configure:5802: checking for /Applications/Xcode.app/Contents/Developer/Toolchains/XcodeDefault.xctoolchain/usr/bin/ld option to reload object files
configure:5809: result: -r
configure:5883: checking for objdump
configure:5899: found /usr/bin/objdump
configure:5910: result: objdump
configure:5939: checking how to recognize dependent libraries
configure:6139: result: pass_all
configure:6224: checking for dlltool
configure:6254: result: no
configure:6281: checking how to associate runtime and link libraries
configure:6308: result: printf %s\n
configure:6432: checking for archiver @FILE support
configure:6449: gcc -mmacosx-version-min=10.10 -c   conftest.c >&5
configure:6449: $? = 0
configure:6452: ar cru libconftest.a @conftest.lst >&5
ar: @conftest.lst: No such file or directory
configure:6455: $? = 1
configure:6475: result: no
configure:6533: checking for strip
configure:6549: found /usr/bin/strip
configure:6560: result: strip
configure:6632: checking for ranlib
configure:6648: found /usr/bin/ranlib
configure:6659: result: ranlib
configure:6761: checking command to parse /usr/bin/nm -B output from gcc -mmacosx-version-min=10.10 object
configure:6914: gcc -mmacosx-version-min=10.10 -c   conftest.c >&5
configure:6917: $? = 0
configure:6921: /usr/bin/nm -B conftest.o | sed -n -e 's/^.*[	 ]\([BCDEGRST][BCDEGRST]*\)[	 ][	 ]*\([_A-Za-z][_A-Za-z0-9]*\)$/\1 \2 \2/p' | sed '/ __gnu_lto/d' > conftest.nm
cannot find nm_test_var in conftest.nm
configure:6914: gcc -mmacosx-version-min=10.10 -c   conftest.c >&5
configure:6917: $? = 0
configure:6921: /usr/bin/nm -B conftest.o | sed -n -e 's/^.*[	 ]\([BCDEGRST][BCDEGRST]*\)[	 ][	 ]*_\([_A-Za-z][_A-Za-z0-9]*\)$/\1 _\2 \2/p' | sed '/ __gnu_lto/d' > conftest.nm
configure:6987: gcc -mmacosx-version-min=10.10 -o conftest    conftest.c conftstm.o >&5
configure:6990: $? = 0
configure:7028: result: ok
configure:7075: checking for sysroot
configure:7105: result: no
configure:7112: checking for a working dd
configure:7150: result: /bin/dd
configure:7154: checking how to truncate binary pipes
configure:7169: result: /bin/dd bs=4096 count=1
configure:7498: checking for mt
configure:7528: result: no
configure:7548: checking if : is a manifest tool
configure:7554: : '-?'
configure:7562: result: no
configure:7618: checking for dsymutil
configure:7634: found /usr/bin/dsymutil
configure:7645: result: dsymutil
configure:7710: checking for nmedit
configure:7726: found /usr/bin/nmedit
configure:7737: result: nmedit
configure:7802: checking for lipo
configure:7818: found /usr/bin/lipo
configure:7829: result: lipo
configure:7894: checking for otool
configure:7910: found /usr/bin/otool
configure:7921: result: otool
configure:7986: checking for otool64
configure:8016: result: no
configure:8061: checking for -single_module linker flag
gcc -mmacosx-version-min=10.10   -o libconftest.dylib -dynamiclib -Wl,-single_module conftest.c
configure:8094: result: yes
configure:8097: checking for -exported_symbols_list linker flag
configure:8117: gcc -mmacosx-version-min=10.10 -o conftest    -Wl,-exported_symbols_list,conftest.sym conftest.c  >&5
configure:8117: $? = 0
configure:8127: result: yes
configure:8130: checking for -force_load linker flag
gcc -mmacosx-version-min=10.10  -c -o conftest.o conftest.c
ar cru libconftest.a conftest.o
ranlib libconftest.a
gcc -mmacosx-version-min=10.10   -o conftest conftest.c -Wl,-force_load,./libconftest.a
configure:8162: result: yes
configure:8236: checking for dlfcn.h
configure:8236: gcc -mmacosx-version-min=10.10 -c   conftest.c >&5
configure:8236: $? = 0
configure:8236: result: yes
configure:8790: checking for objdir
configure:8805: result: .libs
configure:9069: checking if gcc -mmacosx-version-min=10.10 supports -fno-rtti -fno-exceptions
configure:9087: gcc -mmacosx-version-min=10.10 -c   -fno-rtti -fno-exceptions conftest.c >&5
configure:9091: $? = 0
configure:9104: result: yes
configure:9462: checking for gcc -mmacosx-version-min=10.10 option to produce PIC
configure:9469: result: -fno-common -DPIC
configure:9477: checking if gcc -mmacosx-version-min=10.10 PIC flag -fno-common -DPIC works
configure:9495: gcc -mmacosx-version-min=10.10 -c   -fno-common -DPIC -DPIC conftest.c >&5
configure:9499: $? = 0
configure:9512: result: yes
configure:9541: checking if gcc -mmacosx-version-min=10.10 static flag -static works
configure:9569: result: no
configure:9584: checking if gcc -mmacosx-version-min=10.10 supports -c -o file.o
configure:9605: gcc -mmacosx-version-min=10.10 -c   -o out/conftest2.o conftest.c >&5
configure:9609: $? = 0
configure:9631: result: yes
configure:9639: checking if gcc -mmacosx-version-min=10.10 supports -c -o file.o
configure:9686: result: yes
configure:9719: checking whether the gcc -mmacosx-version-min=10.10 linker (/Applications/Xcode.app/Contents/Developer/Toolchains/XcodeDefault.xctoolchain/usr/bin/ld) supports shared libraries
configure:10982: result: yes
configure:11222: checking dynamic linker characteristics
configure:12052: result: darwin21.2.0 dyld
configure:12174: checking how to hardcode library paths into programs
configure:12199: result: immediate
configure:12747: checking whether stripping libraries is possible
configure:12761: result: yes
configure:12787: checking if libtool supports shared libraries
configure:12789: result: yes
configure:12792: checking whether to build shared libraries
configure:12817: result: yes
configure:12820: checking whether to build static libraries
configure:12824: result: yes
configure:12861: checking whether ln -s works
configure:12865: result: yes
configure:12881: checking whether the -Werror option is usable
configure:12900: gcc -mmacosx-version-min=10.10 -c  -Werror  conftest.c >&5
configure:12900: $? = 0
configure:12909: result: yes
configure:12911: checking for simple visibility declarations
configure:12938: gcc -mmacosx-version-min=10.10 -c  -fvisibility=hidden -Werror  conftest.c >&5
configure:12938: $? = 0
configure:12947: result: yes
configure:12979: checking for __attribute__((uninitialized))
configure:13000: gcc -mmacosx-version-min=10.10 -c  -Werror  conftest.c >&5
configure:13000: $? = 0
configure:13006: result: yes
configure:13540: checking limits.h usability
configure:13540: gcc -mmacosx-version-min=10.10 -c   conftest.c >&5
configure:13540: $? = 0
configure:13540: result: yes
configure:13540: checking limits.h presence
configure:13540: gcc -E -mmacosx-version-min=10.10  conftest.c
configure:13540: $? = 0
configure:13540: result: yes
configure:13540: checking for limits.h
configure:13540: result: yes
configure:13540: checking for sys/types.h
configure:13540: result: yes
configure:13540: checking for sys/stat.h
configure:13540: result: yes
configure:13540: checking dirent.h usability
configure:13540: gcc -mmacosx-version-min=10.10 -c   conftest.c >&5
configure:13540: $? = 0
configure:13540: result: yes
configure:13540: checking dirent.h presence
configure:13540: gcc -E -mmacosx-version-min=10.10  conftest.c
configure:13540: $? = 0
configure:13540: result: yes
configure:13540: checking for dirent.h
configure:13540: result: yes
configure:13552: checking windows.h usability
configure:13552: gcc -mmacosx-version-min=10.10 -c   conftest.c >&5
conftest.c:71:10: fatal error: 'windows.h' file not found
#include <windows.h>
         ^~~~~~~~~~~
1 error generated.
configure:13552: $? = 1
configure: failed program was:
| /* confdefs.h */
| #define PACKAGE_NAME "PCRE2"
| #define PACKAGE_TARNAME "pcre2"
| #define PACKAGE_VERSION "10.37"
| #define PACKAGE_STRING "PCRE2 10.37"
| #define PACKAGE_BUGREPORT ""
| #define PACKAGE_URL ""
| #define PACKAGE "pcre2"
| #define VERSION "10.37"
| #define STDC_HEADERS 1
| #define HAVE_SYS_TYPES_H 1
| #define HAVE_SYS_STAT_H 1
| #define HAVE_STDLIB_H 1
| #define HAVE_STRING_H 1
| #define HAVE_MEMORY_H 1
| #define HAVE_STRINGS_H 1
| #define HAVE_INTTYPES_H 1
| #define HAVE_STDINT_H 1
| #define HAVE_UNISTD_H 1
| #define __EXTENSIONS__ 1
| #define _ALL_SOURCE 1
| #define _GNU_SOURCE 1
| #define _POSIX_PTHREAD_SEMANTICS 1
| #define _TANDEM_SOURCE 1
| #define HAVE_DLFCN_H 1
| #define LT_OBJDIR ".libs/"
| #define PCRE2_EXP_DECL extern __attribute__ ((visibility ("default")))
| #define PCRE2_EXP_DEFN __attribute__ ((visibility ("default")))
| #define PCRE2POSIX_EXP_DECL extern __attribute__ ((visibility ("default")))
| #define PCRE2POSIX_EXP_DEFN extern __attribute__ ((visibility ("default")))
| #define HAVE_VISIBILITY 1
| #define HAVE_ATTRIBUTE_UNINITIALIZED 1
| #define HAVE_LIMITS_H 1
| #define HAVE_SYS_TYPES_H 1
| #define HAVE_SYS_STAT_H 1
| #define HAVE_DIRENT_H 1
| /* end confdefs.h.  */
| #include <stdio.h>
| #ifdef HAVE_SYS_TYPES_H
| # include <sys/types.h>
| #endif
| #ifdef HAVE_SYS_STAT_H
| # include <sys/stat.h>
| #endif
| #ifdef STDC_HEADERS
| # include <stdlib.h>
| # include <stddef.h>
| #else
| # ifdef HAVE_STDLIB_H
| #  include <stdlib.h>
| # endif
| #endif
| #ifdef HAVE_STRING_H
| # if !defined STDC_HEADERS && defined HAVE_MEMORY_H
| #  include <memory.h>
| # endif
| # include <string.h>
| #endif
| #ifdef HAVE_STRINGS_H
| # include <strings.h>
| #endif
| #ifdef HAVE_INTTYPES_H
| # include <inttypes.h>
| #endif
| #ifdef HAVE_STDINT_H
| # include <stdint.h>
| #endif
| #ifdef HAVE_UNISTD_H
| # include <unistd.h>
| #endif
| #include <windows.h>
configure:13552: result: no
configure:13552: checking windows.h presence
configure:13552: gcc -E -mmacosx-version-min=10.10  conftest.c
conftest.c:38:10: fatal error: 'windows.h' file not found
#include <windows.h>
         ^~~~~~~~~~~
1 error generated.
configure:13552: $? = 1
configure: failed program was:
| /* confdefs.h */
| #define PACKAGE_NAME "PCRE2"
| #define PACKAGE_TARNAME "pcre2"
| #define PACKAGE_VERSION "10.37"
| #define PACKAGE_STRING "PCRE2 10.37"
| #define PACKAGE_BUGREPORT ""
| #define PACKAGE_URL ""
| #define PACKAGE "pcre2"
| #define VERSION "10.37"
| #define STDC_HEADERS 1
| #define HAVE_SYS_TYPES_H 1
| #define HAVE_SYS_STAT_H 1
| #define HAVE_STDLIB_H 1
| #define HAVE_STRING_H 1
| #define HAVE_MEMORY_H 1
| #define HAVE_STRINGS_H 1
| #define HAVE_INTTYPES_H 1
| #define HAVE_STDINT_H 1
| #define HAVE_UNISTD_H 1
| #define __EXTENSIONS__ 1
| #define _ALL_SOURCE 1
| #define _GNU_SOURCE 1
| #define _POSIX_PTHREAD_SEMANTICS 1
| #define _TANDEM_SOURCE 1
| #define HAVE_DLFCN_H 1
| #define LT_OBJDIR ".libs/"
| #define PCRE2_EXP_DECL extern __attribute__ ((visibility ("default")))
| #define PCRE2_EXP_DEFN __attribute__ ((visibility ("default")))
| #define PCRE2POSIX_EXP_DECL extern __attribute__ ((visibility ("default")))
| #define PCRE2POSIX_EXP_DEFN extern __attribute__ ((visibility ("default")))
| #define HAVE_VISIBILITY 1
| #define HAVE_ATTRIBUTE_UNINITIALIZED 1
| #define HAVE_LIMITS_H 1
| #define HAVE_SYS_TYPES_H 1
| #define HAVE_SYS_STAT_H 1
| #define HAVE_DIRENT_H 1
| /* end confdefs.h.  */
| #include <windows.h>
configure:13552: result: no
configure:13552: checking for windows.h
configure:13552: result: no
configure:13564: checking sys/wait.h usability
configure:13564: gcc -mmacosx-version-min=10.10 -c   conftest.c >&5
configure:13564: $? = 0
configure:13564: result: yes
configure:13564: checking sys/wait.h presence
configure:13564: gcc -E -mmacosx-version-min=10.10  conftest.c
configure:13564: $? = 0
configure:13564: result: yes
configure:13564: checking for sys/wait.h
configure:13564: result: yes
configure:13656: checking for an ANSI C-conforming const
configure:13722: gcc -mmacosx-version-min=10.10 -c   conftest.c >&5
configure:13722: $? = 0
configure:13729: result: yes
configure:13737: checking for size_t
configure:13737: gcc -mmacosx-version-min=10.10 -c   conftest.c >&5
configure:13737: $? = 0
configure:13737: gcc -mmacosx-version-min=10.10 -c   conftest.c >&5
conftest.c:75:21: error: expected expression
if (sizeof ((size_t)))
                    ^
1 error generated.
configure:13737: $? = 1
configure: failed program was:
| /* confdefs.h */
| #define PACKAGE_NAME "PCRE2"
| #define PACKAGE_TARNAME "pcre2"
| #define PACKAGE_VERSION "10.37"
| #define PACKAGE_STRING "PCRE2 10.37"
| #define PACKAGE_BUGREPORT ""
| #define PACKAGE_URL ""
| #define PACKAGE "pcre2"
| #define VERSION "10.37"
| #define STDC_HEADERS 1
| #define HAVE_SYS_TYPES_H 1
| #define HAVE_SYS_STAT_H 1
| #define HAVE_STDLIB_H 1
| #define HAVE_STRING_H 1
| #define HAVE_MEMORY_H 1
| #define HAVE_STRINGS_H 1
| #define HAVE_INTTYPES_H 1
| #define HAVE_STDINT_H 1
| #define HAVE_UNISTD_H 1
| #define __EXTENSIONS__ 1
| #define _ALL_SOURCE 1
| #define _GNU_SOURCE 1
| #define _POSIX_PTHREAD_SEMANTICS 1
| #define _TANDEM_SOURCE 1
| #define HAVE_DLFCN_H 1
| #define LT_OBJDIR ".libs/"
| #define PCRE2_EXP_DECL extern __attribute__ ((visibility ("default")))
| #define PCRE2_EXP_DEFN __attribute__ ((visibility ("default")))
| #define PCRE2POSIX_EXP_DECL extern __attribute__ ((visibility ("default")))
| #define PCRE2POSIX_EXP_DEFN extern __attribute__ ((visibility ("default")))
| #define HAVE_VISIBILITY 1
| #define HAVE_ATTRIBUTE_UNINITIALIZED 1
| #define HAVE_LIMITS_H 1
| #define HAVE_SYS_TYPES_H 1
| #define HAVE_SYS_STAT_H 1
| #define HAVE_DIRENT_H 1
| #define HAVE_SYS_WAIT_H 1
| /* end confdefs.h.  */
| #include <stdio.h>
| #ifdef HAVE_SYS_TYPES_H
| # include <sys/types.h>
| #endif
| #ifdef HAVE_SYS_STAT_H
| # include <sys/stat.h>
| #endif
| #ifdef STDC_HEADERS
| # include <stdlib.h>
| # include <stddef.h>
| #else
| # ifdef HAVE_STDLIB_H
| #  include <stdlib.h>
| # endif
| #endif
| #ifdef HAVE_STRING_H
| # if !defined STDC_HEADERS && defined HAVE_MEMORY_H
| #  include <memory.h>
| # endif
| # include <string.h>
| #endif
| #ifdef HAVE_STRINGS_H
| # include <strings.h>
| #endif
| #ifdef HAVE_INTTYPES_H
| # include <inttypes.h>
| #endif
| #ifdef HAVE_STDINT_H
| # include <stdint.h>
| #endif
| #ifdef HAVE_UNISTD_H
| # include <unistd.h>
| #endif
| int
| main ()
| {
| if (sizeof ((size_t)))
| 	    return 0;
|   ;
|   return 0;
| }
configure:13737: result: yes
configure:13754: checking for bcopy
configure:13754: gcc -mmacosx-version-min=10.10 -o conftest    conftest.c  >&5
configure:13754: $? = 0
configure:13754: result: yes
configure:13754: checking for memfd_create
configure:13754: gcc -mmacosx-version-min=10.10 -o conftest    conftest.c  >&5
Undefined symbols for architecture x86_64:
  "_memfd_create", referenced from:
      _main in conftest-3f6bc5.o
ld: symbol(s) not found for architecture x86_64
clang: error: linker command failed with exit code 1 (use -v to see invocation)
configure:13754: $? = 1
configure: failed program was:
| /* confdefs.h */
| #define PACKAGE_NAME "PCRE2"
| #define PACKAGE_TARNAME "pcre2"
| #define PACKAGE_VERSION "10.37"
| #define PACKAGE_STRING "PCRE2 10.37"
| #define PACKAGE_BUGREPORT ""
| #define PACKAGE_URL ""
| #define PACKAGE "pcre2"
| #define VERSION "10.37"
| #define STDC_HEADERS 1
| #define HAVE_SYS_TYPES_H 1
| #define HAVE_SYS_STAT_H 1
| #define HAVE_STDLIB_H 1
| #define HAVE_STRING_H 1
| #define HAVE_MEMORY_H 1
| #define HAVE_STRINGS_H 1
| #define HAVE_INTTYPES_H 1
| #define HAVE_STDINT_H 1
| #define HAVE_UNISTD_H 1
| #define __EXTENSIONS__ 1
| #define _ALL_SOURCE 1
| #define _GNU_SOURCE 1
| #define _POSIX_PTHREAD_SEMANTICS 1
| #define _TANDEM_SOURCE 1
| #define HAVE_DLFCN_H 1
| #define LT_OBJDIR ".libs/"
| #define PCRE2_EXP_DECL extern __attribute__ ((visibility ("default")))
| #define PCRE2_EXP_DEFN __attribute__ ((visibility ("default")))
| #define PCRE2POSIX_EXP_DECL extern __attribute__ ((visibility ("default")))
| #define PCRE2POSIX_EXP_DEFN extern __attribute__ ((visibility ("default")))
| #define HAVE_VISIBILITY 1
| #define HAVE_ATTRIBUTE_UNINITIALIZED 1
| #define HAVE_LIMITS_H 1
| #define HAVE_SYS_TYPES_H 1
| #define HAVE_SYS_STAT_H 1
| #define HAVE_DIRENT_H 1
| #define HAVE_SYS_WAIT_H 1
| #define HAVE_BCOPY 1
| /* end confdefs.h.  */
| /* Define memfd_create to an innocuous variant, in case <limits.h> declares memfd_create.
|    For example, HP-UX 11i <limits.h> declares gettimeofday.  */
| #define memfd_create innocuous_memfd_create
| 
| /* System header to define __stub macros and hopefully few prototypes,
|     which can conflict with char memfd_create (); below.
|     Prefer <limits.h> to <assert.h> if __STDC__ is defined, since
|     <limits.h> exists even on freestanding compilers.  */
| 
| #ifdef __STDC__
| # include <limits.h>
| #else
| # include <assert.h>
| #endif
| 
| #undef memfd_create
| 
| /* Override any GCC internal prototype to avoid an error.
|    Use char because int might match the return type of a GCC
|    builtin and then its argument prototype would still apply.  */
| #ifdef __cplusplus
| extern "C"
| #endif
| char memfd_create ();
| /* The GNU C library defines this for functions which it implements
|     to always fail with ENOSYS.  Some functions are actually named
|     something starting with __ and the normal name is an alias.  */
| #if defined __stub_memfd_create || defined __stub___memfd_create
| choke me
| #endif
| 
| int
| main ()
| {
| return memfd_create ();
|   ;
|   return 0;
| }
configure:13754: result: no
configure:13754: checking for memmove
configure:13754: gcc -mmacosx-version-min=10.10 -o conftest    conftest.c  >&5
conftest.c:63:6: warning: incompatible redeclaration of library function 'memmove' [-Wincompatible-library-redeclaration]
char memmove ();
     ^
conftest.c:63:6: note: 'memmove' is a builtin with type 'void *(void *, const void *, unsigned long)'
1 warning generated.
configure:13754: $? = 0
configure:13754: result: yes
configure:13754: checking for mkostemp
configure:13754: gcc -mmacosx-version-min=10.10 -o conftest    conftest.c  >&5
configure:13754: $? = 0
configure:13754: result: yes
configure:13754: checking for secure_getenv
configure:13754: gcc -mmacosx-version-min=10.10 -o conftest    conftest.c  >&5
Undefined symbols for architecture x86_64:
  "_secure_getenv", referenced from:
      _main in conftest-32721a.o
ld: symbol(s) not found for architecture x86_64
clang: error: linker command failed with exit code 1 (use -v to see invocation)
configure:13754: $? = 1
configure: failed program was:
| /* confdefs.h */
| #define PACKAGE_NAME "PCRE2"
| #define PACKAGE_TARNAME "pcre2"
| #define PACKAGE_VERSION "10.37"
| #define PACKAGE_STRING "PCRE2 10.37"
| #define PACKAGE_BUGREPORT ""
| #define PACKAGE_URL ""
| #define PACKAGE "pcre2"
| #define VERSION "10.37"
| #define STDC_HEADERS 1
| #define HAVE_SYS_TYPES_H 1
| #define HAVE_SYS_STAT_H 1
| #define HAVE_STDLIB_H 1
| #define HAVE_STRING_H 1
| #define HAVE_MEMORY_H 1
| #define HAVE_STRINGS_H 1
| #define HAVE_INTTYPES_H 1
| #define HAVE_STDINT_H 1
| #define HAVE_UNISTD_H 1
| #define __EXTENSIONS__ 1
| #define _ALL_SOURCE 1
| #define _GNU_SOURCE 1
| #define _POSIX_PTHREAD_SEMANTICS 1
| #define _TANDEM_SOURCE 1
| #define HAVE_DLFCN_H 1
| #define LT_OBJDIR ".libs/"
| #define PCRE2_EXP_DECL extern __attribute__ ((visibility ("default")))
| #define PCRE2_EXP_DEFN __attribute__ ((visibility ("default")))
| #define PCRE2POSIX_EXP_DECL extern __attribute__ ((visibility ("default")))
| #define PCRE2POSIX_EXP_DEFN extern __attribute__ ((visibility ("default")))
| #define HAVE_VISIBILITY 1
| #define HAVE_ATTRIBUTE_UNINITIALIZED 1
| #define HAVE_LIMITS_H 1
| #define HAVE_SYS_TYPES_H 1
| #define HAVE_SYS_STAT_H 1
| #define HAVE_DIRENT_H 1
| #define HAVE_SYS_WAIT_H 1
| #define HAVE_BCOPY 1
| #define HAVE_MEMMOVE 1
| #define HAVE_MKOSTEMP 1
| /* end confdefs.h.  */
| /* Define secure_getenv to an innocuous variant, in case <limits.h> declares secure_getenv.
|    For example, HP-UX 11i <limits.h> declares gettimeofday.  */
| #define secure_getenv innocuous_secure_getenv
| 
| /* System header to define __stub macros and hopefully few prototypes,
|     which can conflict with char secure_getenv (); below.
|     Prefer <limits.h> to <assert.h> if __STDC__ is defined, since
|     <limits.h> exists even on freestanding compilers.  */
| 
| #ifdef __STDC__
| # include <limits.h>
| #else
| # include <assert.h>
| #endif
| 
| #undef secure_getenv
| 
| /* Override any GCC internal prototype to avoid an error.
|    Use char because int might match the return type of a GCC
|    builtin and then its argument prototype would still apply.  */
| #ifdef __cplusplus
| extern "C"
| #endif
| char secure_getenv ();
| /* The GNU C library defines this for functions which it implements
|     to always fail with ENOSYS.  Some functions are actually named
|     something starting with __ and the normal name is an alias.  */
| #if defined __stub_secure_getenv || defined __stub___secure_getenv
| choke me
| #endif
| 
| int
| main ()
| {
| return secure_getenv ();
|   ;
|   return 0;
| }
configure:13754: result: no
configure:13754: checking for strerror
configure:13754: gcc -mmacosx-version-min=10.10 -o conftest    conftest.c  >&5
conftest.c:65:6: warning: incompatible redeclaration of library function 'strerror' [-Wincompatible-library-redeclaration]
char strerror ();
     ^
conftest.c:65:6: note: 'strerror' is a builtin with type 'char *(int)'
1 warning generated.
configure:13754: $? = 0
configure:13754: result: yes
configure:13768: checking zlib.h usability
configure:13768: gcc -mmacosx-version-min=10.10 -c   conftest.c >&5
configure:13768: $? = 0
configure:13768: result: yes
configure:13768: checking zlib.h presence
configure:13768: gcc -E -mmacosx-version-min=10.10  conftest.c
configure:13768: $? = 0
configure:13768: result: yes
configure:13768: checking for zlib.h
configure:13768: result: yes
configure:13778: checking for gzopen in -lz
configure:13803: gcc -mmacosx-version-min=10.10 -o conftest    conftest.c -lz   >&5
configure:13803: $? = 0
configure:13812: result: yes
configure:13837: checking bzlib.h usability
configure:13837: gcc -mmacosx-version-min=10.10 -c   conftest.c >&5
configure:13837: $? = 0
configure:13837: result: yes
configure:13837: checking bzlib.h presence
configure:13837: gcc -E -mmacosx-version-min=10.10  conftest.c
configure:13837: $? = 0
configure:13837: result: yes
configure:13837: checking for bzlib.h
configure:13837: result: yes
configure:13852: checking for libbz2
configure:13870: gcc -mmacosx-version-min=10.10 -o conftest    conftest.c  -lbz2 >&5
conftest.c:52:8: warning: cast to smaller integer type 'int' from 'BZFILE *' (aka 'void *') [-Wvoid-pointer-to-int-cast]
return (int)BZ2_bzopen("conftest", "rb");
       ^~~~~~~~~~~~~~~~~~~~~~~~~~~~~~~~~
1 warning generated.
configure:13870: $? = 0
configure:13871: result: yes
configure:15379: checking whether Intel CET is enabled
configure:15400: gcc -mmacosx-version-min=10.10 -c   conftest.c >&5
conftest.c:64:3: error: CET is not enabled
# error CET is not enabled
  ^
1 error generated.
configure:15400: $? = 1
configure: failed program was:
| /* confdefs.h */
| #define PACKAGE_NAME "PCRE2"
| #define PACKAGE_TARNAME "pcre2"
| #define PACKAGE_VERSION "10.37"
| #define PACKAGE_STRING "PCRE2 10.37"
| #define PACKAGE_BUGREPORT ""
| #define PACKAGE_URL ""
| #define PACKAGE "pcre2"
| #define VERSION "10.37"
| #define STDC_HEADERS 1
| #define HAVE_SYS_TYPES_H 1
| #define HAVE_SYS_STAT_H 1
| #define HAVE_STDLIB_H 1
| #define HAVE_STRING_H 1
| #define HAVE_MEMORY_H 1
| #define HAVE_STRINGS_H 1
| #define HAVE_INTTYPES_H 1
| #define HAVE_STDINT_H 1
| #define HAVE_UNISTD_H 1
| #define __EXTENSIONS__ 1
| #define _ALL_SOURCE 1
| #define _GNU_SOURCE 1
| #define _POSIX_PTHREAD_SEMANTICS 1
| #define _TANDEM_SOURCE 1
| #define HAVE_DLFCN_H 1
| #define LT_OBJDIR ".libs/"
| #define PCRE2_EXP_DECL extern __attribute__ ((visibility ("default")))
| #define PCRE2_EXP_DEFN __attribute__ ((visibility ("default")))
| #define PCRE2POSIX_EXP_DECL extern __attribute__ ((visibility ("default")))
| #define PCRE2POSIX_EXP_DEFN extern __attribute__ ((visibility ("default")))
| #define HAVE_VISIBILITY 1
| #define HAVE_ATTRIBUTE_UNINITIALIZED 1
| #define HAVE_LIMITS_H 1
| #define HAVE_SYS_TYPES_H 1
| #define HAVE_SYS_STAT_H 1
| #define HAVE_DIRENT_H 1
| #define HAVE_SYS_WAIT_H 1
| #define HAVE_BCOPY 1
| #define HAVE_MEMMOVE 1
| #define HAVE_MKOSTEMP 1
| #define HAVE_STRERROR 1
| #define HAVE_ZLIB_H 1
| #define HAVE_BZLIB_H 1
| #define SUPPORT_PCRE2_32 /**/
| #define SUPPORT_PCRE2GREP_CALLOUT_FORK /**/
| #define SUPPORT_PCRE2GREP_CALLOUT /**/
| #define SUPPORT_UNICODE /**/
| #define PCRE2GREP_BUFSIZE 20480
| #define PCRE2GREP_MAX_BUFSIZE 1048576
| #define NEWLINE_DEFAULT 2
| #define LINK_SIZE 2
| #define PARENS_NEST_LIMIT 250
| #define MATCH_LIMIT 10000000
| #define MATCH_LIMIT_DEPTH MATCH_LIMIT
| #define HEAP_LIMIT 20000000
| #define MAX_NAME_SIZE 32
| #define MAX_NAME_COUNT 10000
| /* end confdefs.h.  */
| 
| int
| main ()
| {
| #ifndef __CET__
| # error CET is not enabled
| #endif
|   ;
|   return 0;
| }
configure:15406: result: no
configure:15546: checking that generated files are newer than configure
configure:15552: result: done
configure:15615: creating ./config.status

## ---------------------- ##
## Running config.status. ##
## ---------------------- ##

This file was extended by PCRE2 config.status 10.37, which was
generated by GNU Autoconf 2.69.  Invocation command line was

  CONFIG_FILES    = 
  CONFIG_HEADERS  = 
  CONFIG_LINKS    = 
  CONFIG_COMMANDS = 
  $ ./config.status 

on Jays-MacBook-Pro.local

config.status:1183: creating Makefile
config.status:1183: creating libpcre2-8.pc
config.status:1183: creating libpcre2-16.pc
config.status:1183: creating libpcre2-32.pc
config.status:1183: creating libpcre2-posix.pc
config.status:1183: creating pcre2-config
config.status:1183: creating src/pcre2.h
config.status:1183: creating src/config.h
config.status:1397: executing depfiles commands
config.status:1474: cd .       && sed -e '/# am--include-marker/d' Makefile         | make -f - am--depfiles
config.status:1479: $? = 0
config.status:1397: executing libtool commands
config.status:1397: executing script-chmod commands
config.status:1397: executing delete-old-chartables commands

## ---------------- ##
## Cache variables. ##
## ---------------- ##

ac_cv_build=x86_64-apple-darwin21.2.0
ac_cv_c_compiler_gnu=yes
ac_cv_c_const=yes
ac_cv_c_int64_t=yes
ac_cv_env_CC_set=set
ac_cv_env_CC_value='gcc -mmacosx-version-min=10.10'
ac_cv_env_CFLAGS_set=set
ac_cv_env_CFLAGS_value=
ac_cv_env_CPPFLAGS_set=set
ac_cv_env_CPPFLAGS_value=
ac_cv_env_CPP_set=set
ac_cv_env_CPP_value='gcc -E -mmacosx-version-min=10.10'
ac_cv_env_GENHTML_set=
ac_cv_env_GENHTML_value=
ac_cv_env_LCOV_set=
ac_cv_env_LCOV_value=
ac_cv_env_LDFLAGS_set=set
ac_cv_env_LDFLAGS_value=
ac_cv_env_LIBS_set=
ac_cv_env_LIBS_value=
ac_cv_env_LT_SYS_LIBRARY_PATH_set=
ac_cv_env_LT_SYS_LIBRARY_PATH_value=
ac_cv_env_PKG_CONFIG_LIBDIR_set=
ac_cv_env_PKG_CONFIG_LIBDIR_value=
ac_cv_env_PKG_CONFIG_PATH_set=
ac_cv_env_PKG_CONFIG_PATH_value=
ac_cv_env_PKG_CONFIG_set=
ac_cv_env_PKG_CONFIG_value=
ac_cv_env_VALGRIND_CFLAGS_set=
ac_cv_env_VALGRIND_CFLAGS_value=
ac_cv_env_VALGRIND_LIBS_set=
ac_cv_env_VALGRIND_LIBS_value=
ac_cv_env_build_alias_set=
ac_cv_env_build_alias_value=
ac_cv_env_host_alias_set=
ac_cv_env_host_alias_value=
ac_cv_env_target_alias_set=
ac_cv_env_target_alias_value=
ac_cv_func_bcopy=yes
ac_cv_func_memfd_create=no
ac_cv_func_memmove=yes
ac_cv_func_mkostemp=yes
ac_cv_func_secure_getenv=no
ac_cv_func_strerror=yes
ac_cv_header_bzlib_h=yes
ac_cv_header_dirent_h=yes
ac_cv_header_dlfcn_h=yes
ac_cv_header_inttypes_h=yes
ac_cv_header_limits_h=yes
ac_cv_header_memory_h=yes
ac_cv_header_minix_config_h=no
ac_cv_header_stdc=yes
ac_cv_header_stdint_h=yes
ac_cv_header_stdlib_h=yes
ac_cv_header_string_h=yes
ac_cv_header_strings_h=yes
ac_cv_header_sys_stat_h=yes
ac_cv_header_sys_types_h=yes
ac_cv_header_sys_wait_h=yes
ac_cv_header_unistd_h=yes
ac_cv_header_windows_h=no
ac_cv_header_zlib_h=yes
ac_cv_host=x86_64-apple-darwin21.2.0
ac_cv_lib_z_gzopen=yes
ac_cv_objext=o
ac_cv_path_EGREP='/usr/bin/grep -E'
ac_cv_path_FGREP='/usr/bin/grep -F'
ac_cv_path_GREP=/usr/bin/grep
ac_cv_path_SED=/usr/bin/sed
ac_cv_path_install='/usr/bin/install -c'
ac_cv_path_lt_DD=/bin/dd
ac_cv_prog_AWK=awk
ac_cv_prog_CPP='gcc -E -mmacosx-version-min=10.10'
ac_cv_prog_ac_ct_AR=ar
ac_cv_prog_ac_ct_CC='gcc -mmacosx-version-min=10.10'
ac_cv_prog_ac_ct_DSYMUTIL=dsymutil
ac_cv_prog_ac_ct_LIPO=lipo
ac_cv_prog_ac_ct_NMEDIT=nmedit
ac_cv_prog_ac_ct_OBJDUMP=objdump
ac_cv_prog_ac_ct_OTOOL=otool
ac_cv_prog_ac_ct_RANLIB=ranlib
ac_cv_prog_ac_ct_STRIP=strip
ac_cv_prog_cc_c89=
ac_cv_prog_cc_g=yes
ac_cv_prog_make_make_set=yes
ac_cv_safe_to_define___extensions__=yes
ac_cv_type_size_t=yes
am_cv_CC_dependencies_compiler_type=gcc3
am_cv_ar_interface=ar
am_cv_make_support_nested_variables=yes
am_cv_prog_cc_c_o=yes
lt_cv_apple_cc_single_mod=yes
lt_cv_ar_at_file=no
lt_cv_deplibs_check_method=pass_all
lt_cv_file_magic_cmd='$MAGIC_CMD'
lt_cv_file_magic_test_file=
lt_cv_ld_exported_symbols_list=yes
lt_cv_ld_force_load=yes
lt_cv_ld_reload_flag=-r
lt_cv_nm_interface='BSD nm'
lt_cv_objdir=.libs
lt_cv_path_LD=/Applications/Xcode.app/Contents/Developer/Toolchains/XcodeDefault.xctoolchain/usr/bin/ld
lt_cv_path_NM='/usr/bin/nm -B'
lt_cv_path_mainfest_tool=no
lt_cv_prog_compiler_c_o=yes
lt_cv_prog_compiler_pic='-fno-common -DPIC'
lt_cv_prog_compiler_pic_works=yes
lt_cv_prog_compiler_rtti_exceptions=yes
lt_cv_prog_compiler_static_works=no
lt_cv_prog_gnu_ld=no
lt_cv_sharedlib_from_linklib_cmd='printf %s\n'
lt_cv_sys_global_symbol_pipe='sed -n -e '\''s/^.*[	 ]\([BCDEGRST][BCDEGRST]*\)[	 ][	 ]*_\([_A-Za-z][_A-Za-z0-9]*\)$/\1 _\2 \2/p'\'' | sed '\''/ __gnu_lto/d'\'''
lt_cv_sys_global_symbol_to_c_name_address='sed -n -e '\''s/^: \(.*\) .*$/  {"\1", (void *) 0},/p'\'' -e '\''s/^[BCDEGRST][BCDEGRST]* .* \(.*\)$/  {"\1", (void *) \&\1},/p'\'''
lt_cv_sys_global_symbol_to_c_name_address_lib_prefix='sed -n -e '\''s/^: \(.*\) .*$/  {"\1", (void *) 0},/p'\'' -e '\''s/^[BCDEGRST][BCDEGRST]* .* \(lib.*\)$/  {"\1", (void *) \&\1},/p'\'' -e '\''s/^[BCDEGRST][BCDEGRST]* .* \(.*\)$/  {"lib\1", (void *) \&\1},/p'\'''
lt_cv_sys_global_symbol_to_cdecl='sed -n -e '\''s/^T .* \(.*\)$/extern int \1();/p'\'' -e '\''s/^[BCDEGRST][BCDEGRST]* .* \(.*\)$/extern char \1;/p'\'''
lt_cv_sys_global_symbol_to_import=
lt_cv_sys_max_cmd_len=786432
lt_cv_to_host_file_cmd=func_convert_file_noop
lt_cv_to_tool_file_cmd=func_convert_file_noop
lt_cv_truncate_bin='/bin/dd bs=4096 count=1'
pcre2_cc_cv_attribute_uninitialized=yes
pcre2_cc_cv_intel_cet_enabled=no
pcre2_cv_cc_vis_werror=yes
pcre2_cv_cc_visibility=yes

## ----------------- ##
## Output variables. ##
## ----------------- ##

ACLOCAL='${SHELL} /Users/jaycarlson/git/wxWidgets/3rdparty/pcre/missing aclocal-1.16'
AMDEPBACKSLASH='\'
AMDEP_FALSE='#'
AMDEP_TRUE=''
AMTAR='$${TAR-tar}'
AM_BACKSLASH='\'
AM_DEFAULT_V='$(AM_DEFAULT_VERBOSITY)'
AM_DEFAULT_VERBOSITY='0'
AM_V='$(V)'
AR='ar'
AS='as'
AUTOCONF='${SHELL} /Users/jaycarlson/git/wxWidgets/3rdparty/pcre/missing autoconf'
AUTOHEADER='${SHELL} /Users/jaycarlson/git/wxWidgets/3rdparty/pcre/missing autoheader'
AUTOMAKE='${SHELL} /Users/jaycarlson/git/wxWidgets/3rdparty/pcre/missing automake-1.16'
AWK='awk'
CC='gcc -mmacosx-version-min=10.10'
CCDEPMODE='depmode=gcc3'
CET_CFLAGS=''
CFLAGS=''
CPP='gcc -E -mmacosx-version-min=10.10'
CPPFLAGS=''
CYGPATH_W='echo'
DEFS='-DHAVE_CONFIG_H'
DEPDIR='.deps'
DISTCHECK_CONFIGURE_FLAGS='CFLAGS='\'''\'' CXXFLAGS='\'''\'' --enable-pcre2-16 --enable-pcre2-32 --enable-jit'
DLLTOOL='false'
DSYMUTIL='dsymutil'
DUMPBIN=''
ECHO_C='\c'
ECHO_N=''
ECHO_T=''
EGREP='/usr/bin/grep -E'
EXEEXT=''
EXTRA_LIBPCRE2_16_LDFLAGS='    -version-info 10:2:10'
EXTRA_LIBPCRE2_32_LDFLAGS='    -version-info 10:2:10'
EXTRA_LIBPCRE2_8_LDFLAGS='    -version-info 10:2:10'
EXTRA_LIBPCRE2_POSIX_LDFLAGS='    -version-info 3:0:0'
FGREP='/usr/bin/grep -F'
GCOV_CFLAGS=''
GCOV_CXXFLAGS=''
GCOV_LIBS=''
GENHTML=''
GREP='/usr/bin/grep'
HAVE_VISIBILITY='1'
INSTALL_DATA='${INSTALL} -m 644'
INSTALL_PROGRAM='${INSTALL}'
INSTALL_SCRIPT='${INSTALL}'
INSTALL_STRIP_PROGRAM='$(install_sh) -c -s'
LCOV=''
LD='/Applications/Xcode.app/Contents/Developer/Toolchains/XcodeDefault.xctoolchain/usr/bin/ld'
LDFLAGS=''
LIBBZ2=''
LIBOBJS=''
LIBREADLINE=''
LIBS=''
LIBTOOL='$(SHELL) $(top_builddir)/libtool'
LIBZ=''
LIB_POSTFIX=''
LIPO='lipo'
LN_S='ln -s'
LTLIBOBJS=''
LT_SYS_LIBRARY_PATH=''
MAKEINFO='${SHELL} /Users/jaycarlson/git/wxWidgets/3rdparty/pcre/missing makeinfo'
MANIFEST_TOOL=':'
MKDIR_P='../../../3rdparty/pcre/install-sh -c -d'
NM='/usr/bin/nm -B'
NMEDIT='nmedit'
OBJDUMP='objdump'
OBJEXT='o'
OTOOL64=':'
OTOOL='otool'
PACKAGE='pcre2'
PACKAGE_BUGREPORT=''
PACKAGE_NAME='PCRE2'
PACKAGE_STRING='PCRE2 10.37'
PACKAGE_TARNAME='pcre2'
PACKAGE_URL=''
PACKAGE_VERSION='10.37'
PATH_SEPARATOR=':'
PCRE2_DATE='2021-05-26'
PCRE2_MAJOR='10'
PCRE2_MINOR='37'
PCRE2_PRERELEASE=''
PCRE2_STATIC_CFLAG=''
PKG_CONFIG=''
PKG_CONFIG_LIBDIR=''
PKG_CONFIG_PATH=''
PTHREAD_CC=''
PTHREAD_CFLAGS=''
PTHREAD_LIBS=''
RANLIB='ranlib'
SED='/usr/bin/sed'
SET_MAKE=''
SHELL='/bin/sh'
SHTOOL=''
STRIP='strip'
VALGRIND_CFLAGS=''
VALGRIND_LIBS=''
VERSION='10.37'
VISIBILITY_CFLAGS='-fvisibility=hidden'
VISIBILITY_CXXFLAGS='-fvisibility=hidden -fvisibility-inlines-hidden'
WITH_DEBUG_FALSE=''
WITH_DEBUG_TRUE='#'
WITH_FUZZ_SUPPORT_FALSE=''
WITH_FUZZ_SUPPORT_TRUE='#'
WITH_GCOV_FALSE=''
WITH_GCOV_TRUE='#'
WITH_JIT_FALSE=''
WITH_JIT_TRUE='#'
WITH_PCRE2_16_FALSE=''
WITH_PCRE2_16_TRUE='#'
WITH_PCRE2_32_FALSE='#'
WITH_PCRE2_32_TRUE=''
WITH_PCRE2_8_FALSE=''
WITH_PCRE2_8_TRUE='#'
WITH_REBUILD_CHARTABLES_FALSE=''
WITH_REBUILD_CHARTABLES_TRUE='#'
WITH_UNICODE_FALSE='#'
WITH_UNICODE_TRUE=''
WITH_VALGRIND_FALSE=''
WITH_VALGRIND_TRUE='#'
ac_ct_AR='ar'
ac_ct_CC='gcc -mmacosx-version-min=10.10'
ac_ct_DUMPBIN=''
am__EXEEXT_FALSE=''
am__EXEEXT_TRUE='#'
am__fastdepCC_FALSE='#'
am__fastdepCC_TRUE=''
am__include='include'
am__isrc=' -I$(srcdir)'
am__leading_dot='.'
am__nodep='_no'
am__quote=''
am__tar='$${TAR-tar} chof - "$$tardir"'
am__untar='$${TAR-tar} xf -'
ax_pthread_config=''
bindir='${exec_prefix}/bin'
build='x86_64-apple-darwin21.2.0'
build_alias=''
build_cpu='x86_64'
build_os='darwin21.2.0'
build_vendor='apple'
datadir='${datarootdir}'
datarootdir='${prefix}/share'
docdir='${datarootdir}/doc/${PACKAGE_TARNAME}'
dvidir='${docdir}'
enable_pcre2_16='no'
enable_pcre2_32='yes'
enable_pcre2_8='no'
exec_prefix='${prefix}'
host='x86_64-apple-darwin21.2.0'
host_alias=''
host_cpu='x86_64'
host_os='darwin21.2.0'
host_vendor='apple'
htmldir='${docdir}/html'
includedir='${prefix}/include'
infodir='${datarootdir}/info'
install_sh='${SHELL} /Users/jaycarlson/git/wxWidgets/3rdparty/pcre/install-sh'
libdir='${exec_prefix}/lib'
libexecdir='${exec_prefix}/libexec'
localedir='${datarootdir}/locale'
localstatedir='${prefix}/var'
mandir='${datarootdir}/man'
mkdir_p='$(MKDIR_P)'
oldincludedir='/usr/include'
pdfdir='${docdir}'
prefix='/usr/local'
program_transform_name='s,x,x,'
psdir='${docdir}'
runstatedir='${localstatedir}/run'
sbindir='${exec_prefix}/sbin'
sharedstatedir='${prefix}/com'
sysconfdir='${prefix}/etc'
target_alias=''

## ----------- ##
## confdefs.h. ##
## ----------- ##

/* confdefs.h */
#define PACKAGE_NAME "PCRE2"
#define PACKAGE_TARNAME "pcre2"
#define PACKAGE_VERSION "10.37"
#define PACKAGE_STRING "PCRE2 10.37"
#define PACKAGE_BUGREPORT ""
#define PACKAGE_URL ""
#define PACKAGE "pcre2"
#define VERSION "10.37"
#define STDC_HEADERS 1
#define HAVE_SYS_TYPES_H 1
#define HAVE_SYS_STAT_H 1
#define HAVE_STDLIB_H 1
#define HAVE_STRING_H 1
#define HAVE_MEMORY_H 1
#define HAVE_STRINGS_H 1
#define HAVE_INTTYPES_H 1
#define HAVE_STDINT_H 1
#define HAVE_UNISTD_H 1
#define __EXTENSIONS__ 1
#define _ALL_SOURCE 1
#define _GNU_SOURCE 1
#define _POSIX_PTHREAD_SEMANTICS 1
#define _TANDEM_SOURCE 1
#define HAVE_DLFCN_H 1
#define LT_OBJDIR ".libs/"
#define PCRE2_EXP_DECL extern __attribute__ ((visibility ("default")))
#define PCRE2_EXP_DEFN __attribute__ ((visibility ("default")))
#define PCRE2POSIX_EXP_DECL extern __attribute__ ((visibility ("default")))
#define PCRE2POSIX_EXP_DEFN extern __attribute__ ((visibility ("default")))
#define HAVE_VISIBILITY 1
#define HAVE_ATTRIBUTE_UNINITIALIZED 1
#define HAVE_LIMITS_H 1
#define HAVE_SYS_TYPES_H 1
#define HAVE_SYS_STAT_H 1
#define HAVE_DIRENT_H 1
#define HAVE_SYS_WAIT_H 1
#define HAVE_BCOPY 1
#define HAVE_MEMMOVE 1
#define HAVE_MKOSTEMP 1
#define HAVE_STRERROR 1
#define HAVE_ZLIB_H 1
#define HAVE_BZLIB_H 1
#define SUPPORT_PCRE2_32 /**/
#define SUPPORT_PCRE2GREP_CALLOUT_FORK /**/
#define SUPPORT_PCRE2GREP_CALLOUT /**/
#define SUPPORT_UNICODE /**/
#define PCRE2GREP_BUFSIZE 20480
#define PCRE2GREP_MAX_BUFSIZE 1048576
#define NEWLINE_DEFAULT 2
#define LINK_SIZE 2
#define PARENS_NEST_LIMIT 250
#define MATCH_LIMIT 10000000
#define MATCH_LIMIT_DEPTH MATCH_LIMIT
#define HEAP_LIMIT 20000000
#define MAX_NAME_SIZE 32
#define MAX_NAME_COUNT 10000

configure: exit 0
